D:\ПроэктыVS\AliveDLL\Debug\AliveDLL.lib
D:\ПроэктыVS\AliveDLL\Debug\AliveDLL.exp
D:\ПроэктыVS\ALIVEDLL\ALIVEDLL\DEBUG\ALIVEDLL.PCH
D:\ПроэктыVS\ALIVEDLL\ALIVEDLL\DEBUG\STDAFX.OBJ
D:\ПРОЭКТЫVS\ALIVEDLL\ALIVEDLL\DEBUG\VC110.PDB
D:\ПроэктыVS\ALIVEDLL\ALIVEDLL\DEBUG\ALIVEDLL.OBJ
D:\ПроэктыVS\ALIVEDLL\ALIVEDLL\DEBUG\DLLMAIN.OBJ
D:\ПроэктыVS\ALIVEDLL\DEBUG\ALIVEDLL.ILK
D:\ПроэктыVS\ALIVEDLL\DEBUG\ALIVEDLL.DLL
D:\ПРОЭКТЫVS\ALIVEDLL\DEBUG\ALIVEDLL.PDB
D:\ПроэктыVS\AliveDLL\AliveDLL\Debug\AliveDLL.obj
D:\ПроэктыVS\AliveDLL\AliveDLL\Debug\dllmain.obj
D:\ПроэктыVS\AliveDLL\AliveDLL\Debug\stdafx.obj
D:\ПроэктыVS\AliveDLL\AliveDLL\Debug\AliveDLL.write.1.tlog
D:\ПроэктыVS\AliveDLL\AliveDLL\Debug\cl.command.1.tlog
D:\ПроэктыVS\AliveDLL\AliveDLL\Debug\CL.read.1.tlog
D:\ПроэктыVS\AliveDLL\AliveDLL\Debug\CL.write.1.tlog
D:\ПроэктыVS\AliveDLL\AliveDLL\Debug\link-cvtres.read.1.tlog
D:\ПроэктыVS\AliveDLL\AliveDLL\Debug\link-cvtres.write.1.tlog
D:\ПроэктыVS\AliveDLL\AliveDLL\Debug\link-rc.read.1.tlog
D:\ПроэктыVS\AliveDLL\AliveDLL\Debug\link-rc.write.1.tlog
D:\ПроэктыVS\AliveDLL\AliveDLL\Debug\link.command.1.tlog
D:\ПроэктыVS\AliveDLL\AliveDLL\Debug\link.read.1.tlog
D:\ПроэктыVS\AliveDLL\AliveDLL\Debug\link.write.1.tlog
D:\ПроэктыVS\AliveDLL\AliveDLL\Debug\AliveDLL.pch
D:\ПроэктыVS\AliveDLL\AliveDLL\Debug\vc110.idb
D:\ПроэктыVS\AliveDLL\AliveDLL\Debug\vc110.pdb
D:\ПроэктыVS\AliveDLL\Debug\AliveDLL.pdb
D:\ПроэктыVS\AliveDLL\Debug\AliveDLL.dll
D:\ПроэктыVS\AliveDLL\Debug\AliveDLL.ilk
